<?xml version="1.0" encoding="UTF-8"?>
<testsuite name="co.edu.javeriana.edu.modval.AdministrarCuentaApplicationTest" time="0.022" tests="1" errors="1" skipped="0" failures="0">
  <properties>
    <property name="java.runtime.name" value="Java(TM) SE Runtime Environment"/>
    <property name="sun.boot.library.path" value="C:\Program Files\Java\jdk1.8.0_111\jre\bin"/>
    <property name="java.vm.version" value="25.111-b14"/>
    <property name="java.vm.vendor" value="Oracle Corporation"/>
    <property name="maven.multiModuleProjectDirectory" value="E:\fjrodriguez\5. Software\Patrones\Validacion\git\AdministrarCuenta"/>
    <property name="java.vendor.url" value="http://java.oracle.com/"/>
    <property name="path.separator" value=";"/>
    <property name="guice.disable.misplaced.annotation.check" value="true"/>
    <property name="java.vm.name" value="Java HotSpot(TM) 64-Bit Server VM"/>
    <property name="file.encoding.pkg" value="sun.io"/>
    <property name="user.script" value=""/>
    <property name="user.country" value="CO"/>
    <property name="sun.java.launcher" value="SUN_STANDARD"/>
    <property name="sun.os.patch.level" value="Service Pack 1"/>
    <property name="java.vm.specification.name" value="Java Virtual Machine Specification"/>
    <property name="user.dir" value="E:\fjrodriguez\5. Software\Patrones\Validacion\git\AdministrarCuenta"/>
    <property name="java.runtime.version" value="1.8.0_111-b14"/>
    <property name="java.awt.graphicsenv" value="sun.awt.Win32GraphicsEnvironment"/>
    <property name="java.endorsed.dirs" value="C:\Program Files\Java\jdk1.8.0_111\jre\lib\endorsed"/>
    <property name="os.arch" value="amd64"/>
    <property name="java.io.tmpdir" value="C:\Users\ADMINI~1\AppData\Local\Temp\"/>
    <property name="line.separator" value="&#10;"/>
    <property name="java.vm.specification.vendor" value="Oracle Corporation"/>
    <property name="user.variant" value=""/>
    <property name="os.name" value="Windows 7"/>
    <property name="classworlds.conf" value="E:\fjrodriguez\5. Software\Patrones\Validacion\git\.metadata\.plugins\org.eclipse.m2e.launching\launches\m2conf8167145260204310631.tmp"/>
    <property name="sun.jnu.encoding" value="Cp1252"/>
    <property name="java.library.path" value="C:\Program Files\Java\jdk1.8.0_111\bin;C:\windows\Sun\Java\bin;C:\windows\system32;C:\windows;C:\ProgramData\Oracle\Java\javapath;C:\Program Files (x86)\Intel\iCLS Client\;C:\Program Files\Intel\iCLS Client\;C:\Program Files\Broadcom\Broadcom 802.11;C:\windows\system32;C:\windows;C:\windows\System32\Wbem;C:\windows\System32\WindowsPowerShell\v1.0\;c:\Program Files\WIDCOMM\Bluetooth Software\;c:\Program Files\WIDCOMM\Bluetooth Software\syswow64;C:\Program Files (x86)\Intel\Intel(R) Management Engine Components\DAL;C:\Program Files\Intel\Intel(R) Management Engine Components\DAL;C:\Program Files (x86)\Intel\Intel(R) Management Engine Components\IPT;C:\Program Files\Intel\Intel(R) Management Engine Components\IPT;C:\Program Files (x86)\MySQL\MySQL Server 5.0\bin;C:\Program Files (x86)\Microsoft SQL Server\100\Tools\Binn\VSShell\Common7\IDE\;C:\Program Files (x86)\Microsoft SQL Server\100\Tools\Binn\;C:\Program Files\Microsoft SQL Server\100\Tools\Binn\;C:\Program Files (x86)\Microsoft SQL Server\100\DTS\Binn\;C:\Program Files (x86)\Windows Kits\8.1\Windows Performance Toolkit\;C:\Program Files\Microsoft SQL Server\110\Tools\Binn\;C:\Program Files\nodejs\;C:\Program Files (x86)\Brackets\command;C:\Program Files\PuTTY\;C:\Program Files\TortoiseSVN\bin;C:\Program Files\Git\cmd;C:\MongoDB\bin;C:\Users\Administrador\AppData\Roaming\npm;."/>
    <property name="java.specification.name" value="Java Platform API Specification"/>
    <property name="java.class.version" value="52.0"/>
    <property name="sun.management.compiler" value="HotSpot 64-Bit Tiered Compilers"/>
    <property name="os.version" value="6.1"/>
    <property name="user.home" value="C:\Users\Administrador"/>
    <property name="user.timezone" value="America/Bogota"/>
    <property name="java.awt.printerjob" value="sun.awt.windows.WPrinterJob"/>
    <property name="java.specification.version" value="1.8"/>
    <property name="file.encoding" value="Cp1252"/>
    <property name="user.name" value="Administrador"/>
    <property name="java.class.path" value="/E:/fjrodriguez/5. Software/eclipse/plugins/org.eclipse.m2e.maven.runtime_1.6.2.20150902-0001/jars/plexus-classworlds-2.5.2.jar"/>
    <property name="java.vm.specification.version" value="1.8"/>
    <property name="sun.arch.data.model" value="64"/>
    <property name="java.home" value="C:\Program Files\Java\jdk1.8.0_111\jre"/>
    <property name="sun.java.command" value="org.codehaus.plexus.classworlds.launcher.Launcher -B install"/>
    <property name="java.specification.vendor" value="Oracle Corporation"/>
    <property name="user.language" value="es"/>
    <property name="awt.toolkit" value="sun.awt.windows.WToolkit"/>
    <property name="java.vm.info" value="mixed mode"/>
    <property name="java.version" value="1.8.0_111"/>
    <property name="java.ext.dirs" value="C:\Program Files\Java\jdk1.8.0_111\jre\lib\ext;C:\windows\Sun\Java\lib\ext"/>
    <property name="sun.boot.class.path" value="C:\Program Files\Java\jdk1.8.0_111\jre\lib\resources.jar;C:\Program Files\Java\jdk1.8.0_111\jre\lib\rt.jar;C:\Program Files\Java\jdk1.8.0_111\jre\lib\sunrsasign.jar;C:\Program Files\Java\jdk1.8.0_111\jre\lib\jsse.jar;C:\Program Files\Java\jdk1.8.0_111\jre\lib\jce.jar;C:\Program Files\Java\jdk1.8.0_111\jre\lib\charsets.jar;C:\Program Files\Java\jdk1.8.0_111\jre\lib\jfr.jar;C:\Program Files\Java\jdk1.8.0_111\jre\classes"/>
    <property name="java.vendor" value="Oracle Corporation"/>
    <property name="maven.home" value="E:\fjrodriguez\5. Software\Patrones\Validacion\git\AdministrarCuenta\EMBEDDED"/>
    <property name="file.separator" value="\"/>
    <property name="java.vendor.url.bug" value="http://bugreport.sun.com/bugreport/"/>
    <property name="sun.cpu.endian" value="little"/>
    <property name="sun.io.unicode.encoding" value="UnicodeLittle"/>
    <property name="sun.desktop" value="windows"/>
    <property name="sun.cpu.isalist" value="amd64"/>
  </properties>
  <testcase name="initializationError" classname="co.edu.javeriana.edu.modval.AdministrarCuentaApplicationTest" time="0.022">
    <error message="Unable to find a @SpringBootConfiguration, you need to use @ContextConfiguration or @SpringBootTest(classes=...) with your test" type="java.lang.IllegalStateException"><![CDATA[java.lang.IllegalStateException: Unable to find a @SpringBootConfiguration, you need to use @ContextConfiguration or @SpringBootTest(classes=...) with your test
	at org.springframework.util.Assert.state(Assert.java:70)
	at org.springframework.boot.test.context.SpringBootTestContextBootstrapper.getOrFindConfigurationClasses(SpringBootTestContextBootstrapper.java:173)
	at org.springframework.boot.test.context.SpringBootTestContextBootstrapper.processMergedContextConfiguration(SpringBootTestContextBootstrapper.java:133)
	at org.springframework.test.context.support.AbstractTestContextBootstrapper.buildMergedContextConfiguration(AbstractTestContextBootstrapper.java:409)
	at org.springframework.test.context.support.AbstractTestContextBootstrapper.buildDefaultMergedContextConfiguration(AbstractTestContextBootstrapper.java:323)
	at org.springframework.test.context.support.AbstractTestContextBootstrapper.buildMergedContextConfiguration(AbstractTestContextBootstrapper.java:277)
	at org.springframework.test.context.support.AbstractTestContextBootstrapper.buildTestContext(AbstractTestContextBootstrapper.java:112)
	at org.springframework.boot.test.context.SpringBootTestContextBootstrapper.buildTestContext(SpringBootTestContextBootstrapper.java:78)
	at org.springframework.test.context.TestContextManager.<init>(TestContextManager.java:120)
	at org.springframework.test.context.TestContextManager.<init>(TestContextManager.java:105)
	at org.springframework.test.context.junit4.SpringJUnit4ClassRunner.createTestContextManager(SpringJUnit4ClassRunner.java:152)
	at org.springframework.test.context.junit4.SpringJUnit4ClassRunner.<init>(SpringJUnit4ClassRunner.java:143)
	at org.springframework.test.context.junit4.SpringRunner.<init>(SpringRunner.java:49)
	at sun.reflect.NativeConstructorAccessorImpl.newInstance0(Native Method)
	at sun.reflect.NativeConstructorAccessorImpl.newInstance(NativeConstructorAccessorImpl.java:62)
	at sun.reflect.DelegatingConstructorAccessorImpl.newInstance(DelegatingConstructorAccessorImpl.java:45)
	at java.lang.reflect.Constructor.newInstance(Constructor.java:423)
	at org.junit.internal.builders.AnnotatedBuilder.buildRunner(AnnotatedBuilder.java:104)
	at org.junit.internal.builders.AnnotatedBuilder.runnerForClass(AnnotatedBuilder.java:86)
	at org.junit.runners.model.RunnerBuilder.safeRunnerForClass(RunnerBuilder.java:59)
	at org.junit.internal.builders.AllDefaultPossibilitiesBuilder.runnerForClass(AllDefaultPossibilitiesBuilder.java:26)
	at org.junit.runners.model.RunnerBuilder.safeRunnerForClass(RunnerBuilder.java:59)
	at org.junit.internal.requests.ClassRequest.getRunner(ClassRequest.java:33)
	at org.apache.maven.surefire.junit4.JUnit4Provider.execute(JUnit4Provider.java:283)
	at org.apache.maven.surefire.junit4.JUnit4Provider.executeWithRerun(JUnit4Provider.java:173)
	at org.apache.maven.surefire.junit4.JUnit4Provider.executeTestSet(JUnit4Provider.java:153)
	at org.apache.maven.surefire.junit4.JUnit4Provider.invoke(JUnit4Provider.java:128)
	at org.apache.maven.surefire.booter.ForkedBooter.invokeProviderInSameClassLoader(ForkedBooter.java:203)
	at org.apache.maven.surefire.booter.ForkedBooter.runSuitesInProcess(ForkedBooter.java:155)
	at org.apache.maven.surefire.booter.ForkedBooter.main(ForkedBooter.java:103)
]]></error>
    <system-out><![CDATA[11:03:28.580 [main] DEBUG org.springframework.test.context.junit4.SpringJUnit4ClassRunner - SpringJUnit4ClassRunner constructor called with [class co.edu.javeriana.edu.modval.AdministrarCuentaApplicationTest]
11:03:28.586 [main] DEBUG org.springframework.test.context.BootstrapUtils - Instantiating CacheAwareContextLoaderDelegate from class [org.springframework.test.context.cache.DefaultCacheAwareContextLoaderDelegate]
11:03:28.601 [main] DEBUG org.springframework.test.context.BootstrapUtils - Instantiating BootstrapContext using constructor [public org.springframework.test.context.support.DefaultBootstrapContext(java.lang.Class,org.springframework.test.context.CacheAwareContextLoaderDelegate)]
11:03:28.623 [main] DEBUG org.springframework.test.context.BootstrapUtils - Instantiating TestContextBootstrapper for test class [co.edu.javeriana.edu.modval.AdministrarCuentaApplicationTest] from class [org.springframework.boot.test.context.SpringBootTestContextBootstrapper]
11:03:28.641 [main] INFO org.springframework.boot.test.context.SpringBootTestContextBootstrapper - Neither @ContextConfiguration nor @ContextHierarchy found for test class [co.edu.javeriana.edu.modval.AdministrarCuentaApplicationTest], using SpringBootContextLoader
11:03:28.645 [main] DEBUG org.springframework.test.context.support.AbstractContextLoader - Did not detect default resource location for test class [co.edu.javeriana.edu.modval.AdministrarCuentaApplicationTest]: class path resource [co/edu/javeriana/edu/modval/AdministrarCuentaApplicationTest-context.xml] does not exist
11:03:28.645 [main] DEBUG org.springframework.test.context.support.AbstractContextLoader - Did not detect default resource location for test class [co.edu.javeriana.edu.modval.AdministrarCuentaApplicationTest]: class path resource [co/edu/javeriana/edu/modval/AdministrarCuentaApplicationTestContext.groovy] does not exist
11:03:28.645 [main] INFO org.springframework.test.context.support.AbstractContextLoader - Could not detect default resource locations for test class [co.edu.javeriana.edu.modval.AdministrarCuentaApplicationTest]: no resource found for suffixes {-context.xml, Context.groovy}.
11:03:28.646 [main] INFO org.springframework.test.context.support.AnnotationConfigContextLoaderUtils - Could not detect default configuration classes for test class [co.edu.javeriana.edu.modval.AdministrarCuentaApplicationTest]: AdministrarCuentaApplicationTest does not declare any static, non-private, non-final, nested classes annotated with @Configuration.
11:03:28.687 [main] DEBUG org.springframework.test.context.support.ActiveProfilesUtils - Could not find an 'annotation declaring class' for annotation type [org.springframework.test.context.ActiveProfiles] and class [co.edu.javeriana.edu.modval.AdministrarCuentaApplicationTest]
11:03:28.697 [main] DEBUG org.springframework.core.env.StandardEnvironment - Adding [systemProperties] PropertySource with lowest search precedence
11:03:28.697 [main] DEBUG org.springframework.core.env.StandardEnvironment - Adding [systemEnvironment] PropertySource with lowest search precedence
11:03:28.698 [main] DEBUG org.springframework.core.env.StandardEnvironment - Initialized StandardEnvironment with PropertySources [systemProperties,systemEnvironment]
11:03:28.712 [main] DEBUG org.springframework.core.io.support.PathMatchingResourcePatternResolver - Resolved classpath location [co/edu/javeriana/edu/modval/] to resources [URL [file:/E:/fjrodriguez/5.%20Software/Patrones/Validacion/git/AdministrarCuenta/target/test-classes/co/edu/javeriana/edu/modval/]]
11:03:28.712 [main] DEBUG org.springframework.core.io.support.PathMatchingResourcePatternResolver - Looking for matching resources in directory tree [E:\fjrodriguez\5. Software\Patrones\Validacion\git\AdministrarCuenta\target\test-classes\co\edu\javeriana\edu\modval]
11:03:28.712 [main] DEBUG org.springframework.core.io.support.PathMatchingResourcePatternResolver - Searching directory [E:\fjrodriguez\5. Software\Patrones\Validacion\git\AdministrarCuenta\target\test-classes\co\edu\javeriana\edu\modval] for files matching pattern [E:/fjrodriguez/5. Software/Patrones/Validacion/git/AdministrarCuenta/target/test-classes/co/edu/javeriana/edu/modval/*.class]
11:03:28.715 [main] DEBUG org.springframework.core.io.support.PathMatchingResourcePatternResolver - Resolved location pattern [classpath*:co/edu/javeriana/edu/modval/*.class] to resources [file [E:\fjrodriguez\5. Software\Patrones\Validacion\git\AdministrarCuenta\target\test-classes\co\edu\javeriana\edu\modval\AdministrarCuentaApplicationTest.class]]
11:03:28.732 [main] DEBUG org.springframework.core.io.support.PathMatchingResourcePatternResolver - Resolved classpath location [co/edu/javeriana/edu/] to resources [URL [file:/E:/fjrodriguez/5.%20Software/Patrones/Validacion/git/AdministrarCuenta/target/test-classes/co/edu/javeriana/edu/]]
11:03:28.732 [main] DEBUG org.springframework.core.io.support.PathMatchingResourcePatternResolver - Looking for matching resources in directory tree [E:\fjrodriguez\5. Software\Patrones\Validacion\git\AdministrarCuenta\target\test-classes\co\edu\javeriana\edu]
11:03:28.733 [main] DEBUG org.springframework.core.io.support.PathMatchingResourcePatternResolver - Searching directory [E:\fjrodriguez\5. Software\Patrones\Validacion\git\AdministrarCuenta\target\test-classes\co\edu\javeriana\edu] for files matching pattern [E:/fjrodriguez/5. Software/Patrones/Validacion/git/AdministrarCuenta/target/test-classes/co/edu/javeriana/edu/*.class]
11:03:28.733 [main] DEBUG org.springframework.core.io.support.PathMatchingResourcePatternResolver - Resolved location pattern [classpath*:co/edu/javeriana/edu/*.class] to resources []
11:03:28.733 [main] DEBUG org.springframework.core.io.support.PathMatchingResourcePatternResolver - Resolved classpath location [co/edu/javeriana/] to resources [URL [file:/E:/fjrodriguez/5.%20Software/Patrones/Validacion/git/AdministrarCuenta/target/test-classes/co/edu/javeriana/], URL [file:/E:/fjrodriguez/5.%20Software/Patrones/Validacion/git/AdministrarCuenta/target/classes/co/edu/javeriana/]]
11:03:28.733 [main] DEBUG org.springframework.core.io.support.PathMatchingResourcePatternResolver - Looking for matching resources in directory tree [E:\fjrodriguez\5. Software\Patrones\Validacion\git\AdministrarCuenta\target\test-classes\co\edu\javeriana]
11:03:28.734 [main] DEBUG org.springframework.core.io.support.PathMatchingResourcePatternResolver - Searching directory [E:\fjrodriguez\5. Software\Patrones\Validacion\git\AdministrarCuenta\target\test-classes\co\edu\javeriana] for files matching pattern [E:/fjrodriguez/5. Software/Patrones/Validacion/git/AdministrarCuenta/target/test-classes/co/edu/javeriana/*.class]
11:03:28.734 [main] DEBUG org.springframework.core.io.support.PathMatchingResourcePatternResolver - Looking for matching resources in directory tree [E:\fjrodriguez\5. Software\Patrones\Validacion\git\AdministrarCuenta\target\classes\co\edu\javeriana]
11:03:28.734 [main] DEBUG org.springframework.core.io.support.PathMatchingResourcePatternResolver - Searching directory [E:\fjrodriguez\5. Software\Patrones\Validacion\git\AdministrarCuenta\target\classes\co\edu\javeriana] for files matching pattern [E:/fjrodriguez/5. Software/Patrones/Validacion/git/AdministrarCuenta/target/classes/co/edu/javeriana/*.class]
11:03:28.735 [main] DEBUG org.springframework.core.io.support.PathMatchingResourcePatternResolver - Resolved location pattern [classpath*:co/edu/javeriana/*.class] to resources []
11:03:28.735 [main] DEBUG org.springframework.core.io.support.PathMatchingResourcePatternResolver - Resolved classpath location [co/edu/] to resources [URL [file:/E:/fjrodriguez/5.%20Software/Patrones/Validacion/git/AdministrarCuenta/target/test-classes/co/edu/], URL [file:/E:/fjrodriguez/5.%20Software/Patrones/Validacion/git/AdministrarCuenta/target/classes/co/edu/]]
11:03:28.736 [main] DEBUG org.springframework.core.io.support.PathMatchingResourcePatternResolver - Looking for matching resources in directory tree [E:\fjrodriguez\5. Software\Patrones\Validacion\git\AdministrarCuenta\target\test-classes\co\edu]
11:03:28.736 [main] DEBUG org.springframework.core.io.support.PathMatchingResourcePatternResolver - Searching directory [E:\fjrodriguez\5. Software\Patrones\Validacion\git\AdministrarCuenta\target\test-classes\co\edu] for files matching pattern [E:/fjrodriguez/5. Software/Patrones/Validacion/git/AdministrarCuenta/target/test-classes/co/edu/*.class]
11:03:28.736 [main] DEBUG org.springframework.core.io.support.PathMatchingResourcePatternResolver - Looking for matching resources in directory tree [E:\fjrodriguez\5. Software\Patrones\Validacion\git\AdministrarCuenta\target\classes\co\edu]
11:03:28.737 [main] DEBUG org.springframework.core.io.support.PathMatchingResourcePatternResolver - Searching directory [E:\fjrodriguez\5. Software\Patrones\Validacion\git\AdministrarCuenta\target\classes\co\edu] for files matching pattern [E:/fjrodriguez/5. Software/Patrones/Validacion/git/AdministrarCuenta/target/classes/co/edu/*.class]
11:03:28.737 [main] DEBUG org.springframework.core.io.support.PathMatchingResourcePatternResolver - Resolved location pattern [classpath*:co/edu/*.class] to resources []
11:03:28.737 [main] DEBUG org.springframework.core.io.support.PathMatchingResourcePatternResolver - Resolved classpath location [co/] to resources [URL [file:/E:/fjrodriguez/5.%20Software/Patrones/Validacion/git/AdministrarCuenta/target/test-classes/co/], URL [file:/E:/fjrodriguez/5.%20Software/Patrones/Validacion/git/AdministrarCuenta/target/classes/co/]]
11:03:28.738 [main] DEBUG org.springframework.core.io.support.PathMatchingResourcePatternResolver - Looking for matching resources in directory tree [E:\fjrodriguez\5. Software\Patrones\Validacion\git\AdministrarCuenta\target\test-classes\co]
11:03:28.738 [main] DEBUG org.springframework.core.io.support.PathMatchingResourcePatternResolver - Searching directory [E:\fjrodriguez\5. Software\Patrones\Validacion\git\AdministrarCuenta\target\test-classes\co] for files matching pattern [E:/fjrodriguez/5. Software/Patrones/Validacion/git/AdministrarCuenta/target/test-classes/co/*.class]
11:03:28.738 [main] DEBUG org.springframework.core.io.support.PathMatchingResourcePatternResolver - Looking for matching resources in directory tree [E:\fjrodriguez\5. Software\Patrones\Validacion\git\AdministrarCuenta\target\classes\co]
11:03:28.738 [main] DEBUG org.springframework.core.io.support.PathMatchingResourcePatternResolver - Searching directory [E:\fjrodriguez\5. Software\Patrones\Validacion\git\AdministrarCuenta\target\classes\co] for files matching pattern [E:/fjrodriguez/5. Software/Patrones/Validacion/git/AdministrarCuenta/target/classes/co/*.class]
11:03:28.739 [main] DEBUG org.springframework.core.io.support.PathMatchingResourcePatternResolver - Resolved location pattern [classpath*:co/*.class] to resources []
11:03:28.743 [main] DEBUG org.springframework.test.context.junit4.SpringJUnit4ClassRunner - SpringJUnit4ClassRunner constructor called with [class co.edu.javeriana.edu.modval.AdministrarCuentaApplicationTest]
11:03:28.743 [main] DEBUG org.springframework.test.context.BootstrapUtils - Instantiating CacheAwareContextLoaderDelegate from class [org.springframework.test.context.cache.DefaultCacheAwareContextLoaderDelegate]
11:03:28.743 [main] DEBUG org.springframework.test.context.BootstrapUtils - Instantiating BootstrapContext using constructor [public org.springframework.test.context.support.DefaultBootstrapContext(java.lang.Class,org.springframework.test.context.CacheAwareContextLoaderDelegate)]
11:03:28.744 [main] DEBUG org.springframework.test.context.BootstrapUtils - Instantiating TestContextBootstrapper for test class [co.edu.javeriana.edu.modval.AdministrarCuentaApplicationTest] from class [org.springframework.boot.test.context.SpringBootTestContextBootstrapper]
11:03:28.744 [main] INFO org.springframework.boot.test.context.SpringBootTestContextBootstrapper - Neither @ContextConfiguration nor @ContextHierarchy found for test class [co.edu.javeriana.edu.modval.AdministrarCuentaApplicationTest], using SpringBootContextLoader
11:03:28.745 [main] DEBUG org.springframework.test.context.support.AbstractContextLoader - Did not detect default resource location for test class [co.edu.javeriana.edu.modval.AdministrarCuentaApplicationTest]: class path resource [co/edu/javeriana/edu/modval/AdministrarCuentaApplicationTest-context.xml] does not exist
11:03:28.745 [main] DEBUG org.springframework.test.context.support.AbstractContextLoader - Did not detect default resource location for test class [co.edu.javeriana.edu.modval.AdministrarCuentaApplicationTest]: class path resource [co/edu/javeriana/edu/modval/AdministrarCuentaApplicationTestContext.groovy] does not exist
11:03:28.746 [main] INFO org.springframework.test.context.support.AbstractContextLoader - Could not detect default resource locations for test class [co.edu.javeriana.edu.modval.AdministrarCuentaApplicationTest]: no resource found for suffixes {-context.xml, Context.groovy}.
11:03:28.746 [main] INFO org.springframework.test.context.support.AnnotationConfigContextLoaderUtils - Could not detect default configuration classes for test class [co.edu.javeriana.edu.modval.AdministrarCuentaApplicationTest]: AdministrarCuentaApplicationTest does not declare any static, non-private, non-final, nested classes annotated with @Configuration.
11:03:28.751 [main] DEBUG org.springframework.test.context.support.ActiveProfilesUtils - Could not find an 'annotation declaring class' for annotation type [org.springframework.test.context.ActiveProfiles] and class [co.edu.javeriana.edu.modval.AdministrarCuentaApplicationTest]
11:03:28.752 [main] DEBUG org.springframework.core.env.StandardEnvironment - Adding [systemProperties] PropertySource with lowest search precedence
11:03:28.752 [main] DEBUG org.springframework.core.env.StandardEnvironment - Adding [systemEnvironment] PropertySource with lowest search precedence
11:03:28.752 [main] DEBUG org.springframework.core.env.StandardEnvironment - Initialized StandardEnvironment with PropertySources [systemProperties,systemEnvironment]
11:03:28.752 [main] DEBUG org.springframework.core.io.support.PathMatchingResourcePatternResolver - Resolved classpath location [co/edu/javeriana/edu/modval/] to resources [URL [file:/E:/fjrodriguez/5.%20Software/Patrones/Validacion/git/AdministrarCuenta/target/test-classes/co/edu/javeriana/edu/modval/]]
11:03:28.753 [main] DEBUG org.springframework.core.io.support.PathMatchingResourcePatternResolver - Looking for matching resources in directory tree [E:\fjrodriguez\5. Software\Patrones\Validacion\git\AdministrarCuenta\target\test-classes\co\edu\javeriana\edu\modval]
11:03:28.753 [main] DEBUG org.springframework.core.io.support.PathMatchingResourcePatternResolver - Searching directory [E:\fjrodriguez\5. Software\Patrones\Validacion\git\AdministrarCuenta\target\test-classes\co\edu\javeriana\edu\modval] for files matching pattern [E:/fjrodriguez/5. Software/Patrones/Validacion/git/AdministrarCuenta/target/test-classes/co/edu/javeriana/edu/modval/*.class]
11:03:28.754 [main] DEBUG org.springframework.core.io.support.PathMatchingResourcePatternResolver - Resolved location pattern [classpath*:co/edu/javeriana/edu/modval/*.class] to resources [file [E:\fjrodriguez\5. Software\Patrones\Validacion\git\AdministrarCuenta\target\test-classes\co\edu\javeriana\edu\modval\AdministrarCuentaApplicationTest.class]]
11:03:28.756 [main] DEBUG org.springframework.core.io.support.PathMatchingResourcePatternResolver - Resolved classpath location [co/edu/javeriana/edu/] to resources [URL [file:/E:/fjrodriguez/5.%20Software/Patrones/Validacion/git/AdministrarCuenta/target/test-classes/co/edu/javeriana/edu/]]
11:03:28.756 [main] DEBUG org.springframework.core.io.support.PathMatchingResourcePatternResolver - Looking for matching resources in directory tree [E:\fjrodriguez\5. Software\Patrones\Validacion\git\AdministrarCuenta\target\test-classes\co\edu\javeriana\edu]
11:03:28.756 [main] DEBUG org.springframework.core.io.support.PathMatchingResourcePatternResolver - Searching directory [E:\fjrodriguez\5. Software\Patrones\Validacion\git\AdministrarCuenta\target\test-classes\co\edu\javeriana\edu] for files matching pattern [E:/fjrodriguez/5. Software/Patrones/Validacion/git/AdministrarCuenta/target/test-classes/co/edu/javeriana/edu/*.class]
11:03:28.757 [main] DEBUG org.springframework.core.io.support.PathMatchingResourcePatternResolver - Resolved location pattern [classpath*:co/edu/javeriana/edu/*.class] to resources []
11:03:28.757 [main] DEBUG org.springframework.core.io.support.PathMatchingResourcePatternResolver - Resolved classpath location [co/edu/javeriana/] to resources [URL [file:/E:/fjrodriguez/5.%20Software/Patrones/Validacion/git/AdministrarCuenta/target/test-classes/co/edu/javeriana/], URL [file:/E:/fjrodriguez/5.%20Software/Patrones/Validacion/git/AdministrarCuenta/target/classes/co/edu/javeriana/]]
11:03:28.757 [main] DEBUG org.springframework.core.io.support.PathMatchingResourcePatternResolver - Looking for matching resources in directory tree [E:\fjrodriguez\5. Software\Patrones\Validacion\git\AdministrarCuenta\target\test-classes\co\edu\javeriana]
11:03:28.758 [main] DEBUG org.springframework.core.io.support.PathMatchingResourcePatternResolver - Searching directory [E:\fjrodriguez\5. Software\Patrones\Validacion\git\AdministrarCuenta\target\test-classes\co\edu\javeriana] for files matching pattern [E:/fjrodriguez/5. Software/Patrones/Validacion/git/AdministrarCuenta/target/test-classes/co/edu/javeriana/*.class]
11:03:28.758 [main] DEBUG org.springframework.core.io.support.PathMatchingResourcePatternResolver - Looking for matching resources in directory tree [E:\fjrodriguez\5. Software\Patrones\Validacion\git\AdministrarCuenta\target\classes\co\edu\javeriana]
11:03:28.758 [main] DEBUG org.springframework.core.io.support.PathMatchingResourcePatternResolver - Searching directory [E:\fjrodriguez\5. Software\Patrones\Validacion\git\AdministrarCuenta\target\classes\co\edu\javeriana] for files matching pattern [E:/fjrodriguez/5. Software/Patrones/Validacion/git/AdministrarCuenta/target/classes/co/edu/javeriana/*.class]
11:03:28.759 [main] DEBUG org.springframework.core.io.support.PathMatchingResourcePatternResolver - Resolved location pattern [classpath*:co/edu/javeriana/*.class] to resources []
11:03:28.759 [main] DEBUG org.springframework.core.io.support.PathMatchingResourcePatternResolver - Resolved classpath location [co/edu/] to resources [URL [file:/E:/fjrodriguez/5.%20Software/Patrones/Validacion/git/AdministrarCuenta/target/test-classes/co/edu/], URL [file:/E:/fjrodriguez/5.%20Software/Patrones/Validacion/git/AdministrarCuenta/target/classes/co/edu/]]
11:03:28.759 [main] DEBUG org.springframework.core.io.support.PathMatchingResourcePatternResolver - Looking for matching resources in directory tree [E:\fjrodriguez\5. Software\Patrones\Validacion\git\AdministrarCuenta\target\test-classes\co\edu]
11:03:28.759 [main] DEBUG org.springframework.core.io.support.PathMatchingResourcePatternResolver - Searching directory [E:\fjrodriguez\5. Software\Patrones\Validacion\git\AdministrarCuenta\target\test-classes\co\edu] for files matching pattern [E:/fjrodriguez/5. Software/Patrones/Validacion/git/AdministrarCuenta/target/test-classes/co/edu/*.class]
11:03:28.760 [main] DEBUG org.springframework.core.io.support.PathMatchingResourcePatternResolver - Looking for matching resources in directory tree [E:\fjrodriguez\5. Software\Patrones\Validacion\git\AdministrarCuenta\target\classes\co\edu]
11:03:28.760 [main] DEBUG org.springframework.core.io.support.PathMatchingResourcePatternResolver - Searching directory [E:\fjrodriguez\5. Software\Patrones\Validacion\git\AdministrarCuenta\target\classes\co\edu] for files matching pattern [E:/fjrodriguez/5. Software/Patrones/Validacion/git/AdministrarCuenta/target/classes/co/edu/*.class]
11:03:28.761 [main] DEBUG org.springframework.core.io.support.PathMatchingResourcePatternResolver - Resolved location pattern [classpath*:co/edu/*.class] to resources []
11:03:28.761 [main] DEBUG org.springframework.core.io.support.PathMatchingResourcePatternResolver - Resolved classpath location [co/] to resources [URL [file:/E:/fjrodriguez/5.%20Software/Patrones/Validacion/git/AdministrarCuenta/target/test-classes/co/], URL [file:/E:/fjrodriguez/5.%20Software/Patrones/Validacion/git/AdministrarCuenta/target/classes/co/]]
11:03:28.762 [main] DEBUG org.springframework.core.io.support.PathMatchingResourcePatternResolver - Looking for matching resources in directory tree [E:\fjrodriguez\5. Software\Patrones\Validacion\git\AdministrarCuenta\target\test-classes\co]
11:03:28.762 [main] DEBUG org.springframework.core.io.support.PathMatchingResourcePatternResolver - Searching directory [E:\fjrodriguez\5. Software\Patrones\Validacion\git\AdministrarCuenta\target\test-classes\co] for files matching pattern [E:/fjrodriguez/5. Software/Patrones/Validacion/git/AdministrarCuenta/target/test-classes/co/*.class]
11:03:28.762 [main] DEBUG org.springframework.core.io.support.PathMatchingResourcePatternResolver - Looking for matching resources in directory tree [E:\fjrodriguez\5. Software\Patrones\Validacion\git\AdministrarCuenta\target\classes\co]
11:03:28.762 [main] DEBUG org.springframework.core.io.support.PathMatchingResourcePatternResolver - Searching directory [E:\fjrodriguez\5. Software\Patrones\Validacion\git\AdministrarCuenta\target\classes\co] for files matching pattern [E:/fjrodriguez/5. Software/Patrones/Validacion/git/AdministrarCuenta/target/classes/co/*.class]
11:03:28.763 [main] DEBUG org.springframework.core.io.support.PathMatchingResourcePatternResolver - Resolved location pattern [classpath*:co/*.class] to resources []
]]></system-out>
  </testcase>
</testsuite>